r:\facultate\pg\proiect\proiect\x64\release\vc142.pdb
r:\facultate\pg\proiect\proiect\x64\release\window.obj
r:\facultate\pg\proiect\proiect\x64\release\tiny_obj_loader.obj
r:\facultate\pg\proiect\proiect\x64\release\stb_image.obj
r:\facultate\pg\proiect\proiect\x64\release\skybox.obj
r:\facultate\pg\proiect\proiect\x64\release\shader.obj
r:\facultate\pg\proiect\proiect\x64\release\model3d.obj
r:\facultate\pg\proiect\proiect\x64\release\mesh.obj
r:\facultate\pg\proiect\proiect\x64\release\main.obj
r:\facultate\pg\proiect\proiect\x64\release\camera.obj
r:\facultate\pg\proiect\x64\release\proiect.exe
r:\facultate\pg\proiect\x64\release\proiect.pdb
r:\facultate\pg\proiect\x64\release\proiect.ipdb
r:\facultate\pg\proiect\x64\release\proiect.iobj
r:\facultate\pg\proiect\proiect\x64\release\proiect.tlog\cl.command.1.tlog
r:\facultate\pg\proiect\proiect\x64\release\proiect.tlog\cl.read.1.tlog
r:\facultate\pg\proiect\proiect\x64\release\proiect.tlog\cl.write.1.tlog
r:\facultate\pg\proiect\proiect\x64\release\proiect.tlog\link.command.1.tlog
r:\facultate\pg\proiect\proiect\x64\release\proiect.tlog\link.delete.1.tlog
r:\facultate\pg\proiect\proiect\x64\release\proiect.tlog\link.read.1.tlog
r:\facultate\pg\proiect\proiect\x64\release\proiect.tlog\link.write.1.tlog
r:\facultate\pg\proiect\proiect\x64\release\proiect.tlog\proiect.write.1u.tlog
